<?xml version="1.0" encoding="UTF-8"?>
<!-- Generated by org.testng.reporters.JUnitReportReporter -->
<testsuite skipped="0" hostname="admin-PC" name="com.hp.testcases.OpenAccountTest" tests="1" failures="0" timestamp="06 Dec 2017 12:13:22 GMT" time="2.834" errors="0">
  <testcase name="openAccountTest" time="2.834" classname="com.hp.testcases.OpenAccountTest"/>
</testsuite> <!-- com.hp.testcases.OpenAccountTest -->
