<?xml version="1.0" encoding="UTF-8"?>
<!-- Generated by org.testng.reporters.JUnitReportReporter -->
<testsuite skipped="0" hostname="admin-PC" name="com.hp.testcases.AddCustomerTest" tests="4" failures="0" timestamp="06 Dec 2017 12:13:22 GMT" time="18.554" errors="0">
  <testcase name="addCustomerTest" time="4.593" classname="com.hp.testcases.AddCustomerTest"/>
  <testcase name="addCustomerTest" time="4.928" classname="com.hp.testcases.AddCustomerTest"/>
  <testcase name="addCustomerTest" time="4.541" classname="com.hp.testcases.AddCustomerTest"/>
  <testcase name="addCustomerTest" time="4.492" classname="com.hp.testcases.AddCustomerTest"/>
</testsuite> <!-- com.hp.testcases.AddCustomerTest -->
