<?xml version="1.0" encoding="UTF-8"?>
<!-- Generated by org.testng.reporters.JUnitReportReporter -->
<testsuite skipped="0" hostname="admin-PC" name="com.hp.testcases.OpenAccountTest" tests="1" failures="0" timestamp="31 Dec 2017 14:22:45 GMT" time="3.008" errors="0">
  <testcase name="openAccountTest" time="3.008" classname="com.hp.testcases.OpenAccountTest"/>
</testsuite> <!-- com.hp.testcases.OpenAccountTest -->
