<?xml version="1.0" encoding="UTF-8"?>
<!-- Generated by org.testng.reporters.JUnitReportReporter -->
<testsuite skipped="0" hostname="admin-PC" name="com.hp.testcases.BankManagerLoginTest" tests="1" failures="0" timestamp="31 Dec 2017 14:22:45 GMT" time="0.283" errors="0">
  <testcase name="bankManagerLoginTest" time="0.283" classname="com.hp.testcases.BankManagerLoginTest"/>
</testsuite> <!-- com.hp.testcases.BankManagerLoginTest -->
