<?xml version="1.0" encoding="UTF-8"?>
<!-- Generated by org.testng.reporters.JUnitReportReporter -->
<testsuite skipped="0" hostname="admin-PC" name="com.hp.testcases.AddCustomerTest" tests="4" failures="0" timestamp="31 Dec 2017 14:22:45 GMT" time="19.387" errors="0">
  <testcase name="addCustomerTest" time="5.275" classname="com.hp.testcases.AddCustomerTest"/>
  <testcase name="addCustomerTest" time="4.810" classname="com.hp.testcases.AddCustomerTest"/>
  <testcase name="addCustomerTest" time="4.474" classname="com.hp.testcases.AddCustomerTest"/>
  <testcase name="addCustomerTest" time="4.828" classname="com.hp.testcases.AddCustomerTest"/>
</testsuite> <!-- com.hp.testcases.AddCustomerTest -->
